Nature de la transaction : Virement compte à compte
Date : 2017-04-23 11:32:38.0
Montant : 200.0€
Compte débité n° : 
Compte crédité n° : 


Nature de la transaction : Virement compte à compte
Date : 2017-04-23 11:34:17.0
Montant : 200.0€
Compte débité n° : 425985
Compte crédité n° : 425984


Nature de la transaction : Virement compte à compte
Date : 2017-04-23 11:36:53.0
Montant : 200.0€
Compte débité n° : 458753
Compte crédité n° : 458752


Nature de la transaction : Virement compte à compte
Date : 2017-04-23 11:47:59.0
Montant : 200.0€
Compte débité n° : 491521
Compte crédité n° : 491520


Nature de la transaction : Virement compte à compte
Date : 2017-04-23 12:00:30.0
Montant : 200.0€
Compte débité n° : 524289
Compte crédité n° : 524288


Nature de la transaction : Virement compte à compte
Date : 2017-04-23 17:39:44.0
Montant : 200.0€
Compte débité n° : 557057
Compte crédité n° : 557056


Nature de la transaction : Virement compte à compte
Date : 2017-04-24 08:26:20.0
Montant : 200.0€
Compte débité n° : 2
Compte crédité n° : 1


